DEBUG: Using JAVA_HOME
DEBUG: _PENTAHO_JAVA_HOME=C:\Program Files\Java\jdk1.6.0_21
DEBUG: _PENTAHO_JAVA=C:\Program Files\Java\jdk1.6.0_21\bin\java.exe
ERROR 22-07 17:12:44,073 - Row denormaliser - Unexpected error
ERROR 22-07 17:12:44,078 - Row denormaliser - org.pentaho.di.core.exception.KettleValueException: 
response String : couldn't convert string [Alice to make sure that the 158k are deposited in his name.] to a date using format [yyyy/MM/dd HH:mm:ss.SSS]
Unparseable date: "Alice to make sure that the 158k are deposited in his name."

	at org.pentaho.di.core.row.ValueMeta.convertStringToDate(ValueMeta.java:619)
	at org.pentaho.di.core.row.ValueMeta.getDate(ValueMeta.java:1670)
	at org.pentaho.di.core.row.ValueMeta.convertData(ValueMeta.java:3072)
	at org.pentaho.di.trans.steps.denormaliser.Denormaliser.deNormalise(Denormaliser.java:384)
	at org.pentaho.di.trans.steps.denormaliser.Denormaliser.processRow(Denormaliser.java:180)
	at org.pentaho.di.trans.step.RunThread.run(RunThread.java:50)
	at java.lang.Thread.run(Thread.java:619)
Caused by: java.text.ParseException: Unparseable date: "Alice to make sure that the 158k are deposited in his name."
	at java.text.DateFormat.parse(DateFormat.java:337)
	at org.pentaho.di.core.row.ValueMeta.convertStringToDate(ValueMeta.java:614)
	... 6 more

ERROR 22-07 17:12:44,120 - Call Report - Errors detected!
ERROR 22-07 17:12:44,124 - Call Report - Errors detected!
ERROR 22-07 17:12:44,230 - Kitchen - Finished with errors
